<?xml version="1.0" encoding="UTF-8"?>
<coverage generated="1746394025964" clover="3.2.0">
  <project timestamp="1746394025964" name="All files">
    <metrics statements="246" coveredstatements="46" conditionals="160" coveredconditionals="38" methods="94" coveredmethods="24" elements="500" coveredelements="108" complexity="0" loc="246" ncloc="246" packages="6" files="19" classes="19"/>
    <package name="src">
      <metrics statements="6" coveredstatements="1" conditionals="4" coveredconditionals="0" methods="2" coveredmethods="1"/>
      <file name="App.js" path="C:\Users\BillGates\Documents\Computer Science\YOS 3\COMS3009 (SD)\Project\new\Constitutional-Access-develop\src\App.js">
        <metrics statements="1" coveredstatements="1" conditionals="0" coveredconditionals="0" methods="1" coveredmethods="1"/>
        <line num="13" count="6" type="stmt"/>
      </file>
      <file name="PrivateRoute.js" path="C:\Users\BillGates\Documents\Computer Science\YOS 3\COMS3009 (SD)\Project\new\Constitutional-Access-develop\src\PrivateRoute.js">
        <metrics statements="5" coveredstatements="0" conditionals="4" coveredconditionals="0" methods="1" coveredmethods="0"/>
        <line num="6" count="0" type="stmt"/>
        <line num="7" count="0" type="stmt"/>
        <line num="9" count="0" type="cond" truecount="0" falsecount="2"/>
        <line num="10" count="0" type="stmt"/>
        <line num="13" count="0" type="cond" truecount="0" falsecount="2"/>
      </file>
      <file name="setupTests.js" path="C:\Users\BillGates\Documents\Computer Science\YOS 3\COMS3009 (SD)\Project\new\Constitutional-Access-develop\src\setupTests.js">
        <metrics statements="0" coveredstatements="0" conditionals="0" coveredconditionals="0" methods="0" coveredmethods="0"/>
      </file>
    </package>
    <package name="src.components">
      <metrics statements="17" coveredstatements="11" conditionals="12" coveredconditionals="11" methods="10" coveredmethods="5"/>
      <file name="Navbar.js" path="C:\Users\BillGates\Documents\Computer Science\YOS 3\COMS3009 (SD)\Project\new\Constitutional-Access-develop\src\components\Navbar.js">
        <metrics statements="17" coveredstatements="11" conditionals="12" coveredconditionals="11" methods="10" coveredmethods="5"/>
        <line num="6" count="1" type="stmt"/>
        <line num="7" count="7" type="stmt"/>
        <line num="8" count="7" type="stmt"/>
        <line num="9" count="7" type="stmt"/>
        <line num="11" count="7" type="stmt"/>
        <line num="12" count="22" type="stmt"/>
        <line num="18" count="7" type="stmt"/>
        <line num="19" count="3" type="stmt"/>
        <line num="25" count="7" type="stmt"/>
        <line num="51" count="1" type="stmt"/>
        <line num="60" count="2" type="stmt"/>
        <line num="78" count="0" type="stmt"/>
        <line num="88" count="0" type="stmt"/>
        <line num="98" count="0" type="stmt"/>
        <line num="110" count="0" type="stmt"/>
        <line num="120" count="0" type="stmt"/>
        <line num="121" count="0" type="stmt"/>
      </file>
    </package>
    <package name="src.components.admin">
      <metrics statements="91" coveredstatements="34" conditionals="75" coveredconditionals="27" methods="46" coveredmethods="18"/>
      <file name="AdminHeader.js" path="C:\Users\BillGates\Documents\Computer Science\YOS 3\COMS3009 (SD)\Project\new\Constitutional-Access-develop\src\components\admin\AdminHeader.js">
        <metrics statements="14" coveredstatements="12" conditionals="8" coveredconditionals="8" methods="7" coveredmethods="6"/>
        <line num="6" count="1" type="stmt"/>
        <line num="7" count="7" type="stmt"/>
        <line num="8" count="7" type="stmt"/>
        <line num="9" count="7" type="stmt"/>
        <line num="10" count="7" type="stmt"/>
        <line num="12" count="7" type="stmt"/>
        <line num="13" count="7" type="stmt"/>
        <line num="16" count="7" type="stmt"/>
        <line num="31" count="7" type="stmt"/>
        <line num="44" count="14" type="stmt"/>
        <line num="46" count="1" type="stmt"/>
        <line num="87" count="2" type="stmt"/>
        <line num="90" count="0" type="stmt"/>
        <line num="91" count="0" type="stmt"/>
      </file>
      <file name="EditMetadataModal.js" path="C:\Users\BillGates\Documents\Computer Science\YOS 3\COMS3009 (SD)\Project\new\Constitutional-Access-develop\src\components\admin\EditMetadataModal.js">
        <metrics statements="18" coveredstatements="17" conditionals="18" coveredconditionals="13" methods="9" coveredmethods="8"/>
        <line num="4" count="1" type="stmt"/>
        <line num="5" count="22" type="stmt"/>
        <line num="13" count="22" type="stmt"/>
        <line num="14" count="8" type="cond" truecount="2" falsecount="0"/>
        <line num="15" count="7" type="stmt"/>
        <line num="25" count="22" type="cond" truecount="2" falsecount="0"/>
        <line num="27" count="21" type="stmt"/>
        <line num="28" count="2" type="stmt"/>
        <line num="31" count="2" type="cond" truecount="4" falsecount="0"/>
        <line num="32" count="1" type="stmt"/>
        <line num="35" count="1" type="stmt"/>
        <line num="40" count="2" type="stmt"/>
        <line num="45" count="21" type="stmt"/>
        <line num="61" count="3" type="stmt"/>
        <line num="72" count="2" type="stmt"/>
        <line num="89" count="0" type="stmt"/>
        <line num="99" count="1" type="stmt"/>
        <line num="110" count="1" type="stmt"/>
      </file>
      <file name="FileTable.js" path="C:\Users\BillGates\Documents\Computer Science\YOS 3\COMS3009 (SD)\Project\new\Constitutional-Access-develop\src\components\admin\FileTable.js">
        <metrics statements="6" coveredstatements="5" conditionals="6" coveredconditionals="6" methods="5" coveredmethods="4"/>
        <line num="4" count="1" type="stmt"/>
        <line num="5" count="6" type="stmt"/>
        <line num="21" count="8" type="stmt"/>
        <line num="30" count="8" type="stmt"/>
        <line num="47" count="0" type="stmt"/>
        <line num="54" count="1" type="stmt"/>
      </file>
      <file name="FileUpload.js" path="C:\Users\BillGates\Documents\Computer Science\YOS 3\COMS3009 (SD)\Project\new\Constitutional-Access-develop\src\components\admin\FileUpload.js">
        <metrics statements="45" coveredstatements="0" conditionals="39" coveredconditionals="0" methods="23" coveredmethods="0"/>
        <line num="4" count="0" type="stmt"/>
        <line num="5" count="0" type="stmt"/>
        <line num="6" count="0" type="stmt"/>
        <line num="8" count="0" type="stmt"/>
        <line num="9" count="0" type="cond" truecount="0" falsecount="2"/>
        <line num="10" count="0" type="stmt"/>
        <line num="20" count="0" type="stmt"/>
        <line num="24" count="0" type="stmt"/>
        <line num="25" count="0" type="stmt"/>
        <line num="26" count="0" type="cond" truecount="0" falsecount="2"/>
        <line num="27" count="0" type="stmt"/>
        <line num="37" count="0" type="stmt"/>
        <line num="41" count="0" type="stmt"/>
        <line num="42" count="0" type="stmt"/>
        <line num="45" count="0" type="stmt"/>
        <line num="46" count="0" type="stmt"/>
        <line num="54" count="0" type="stmt"/>
        <line num="55" count="0" type="stmt"/>
        <line num="56" count="0" type="stmt"/>
        <line num="57" count="0" type="stmt"/>
        <line num="58" count="0" type="stmt"/>
        <line num="61" count="0" type="stmt"/>
        <line num="62" count="0" type="cond" truecount="0" falsecount="2"/>
        <line num="64" count="0" type="stmt"/>
        <line num="69" count="0" type="stmt"/>
        <line num="70" count="0" type="stmt"/>
        <line num="74" count="0" type="stmt"/>
        <line num="75" count="0" type="stmt"/>
        <line num="76" count="0" type="stmt"/>
        <line num="77" count="0" type="stmt"/>
        <line num="79" count="0" type="cond" truecount="0" falsecount="2"/>
        <line num="80" count="0" type="stmt"/>
        <line num="81" count="0" type="cond" truecount="0" falsecount="2"/>
        <line num="83" count="0" type="stmt"/>
        <line num="87" count="0" type="cond" truecount="0" falsecount="2"/>
        <line num="89" count="0" type="stmt"/>
        <line num="131" count="0" type="stmt"/>
        <line num="152" count="0" type="stmt"/>
        <line num="159" count="0" type="cond" truecount="0" falsecount="2"/>
        <line num="187" count="0" type="stmt"/>
        <line num="200" count="0" type="stmt"/>
        <line num="219" count="0" type="stmt"/>
        <line num="235" count="0" type="stmt"/>
        <line num="244" count="0" type="stmt"/>
        <line num="251" count="0" type="stmt"/>
      </file>
      <file name="FileViewerModal.js" path="C:\Users\BillGates\Documents\Computer Science\YOS 3\COMS3009 (SD)\Project\new\Constitutional-Access-develop\src\components\admin\FileViewerModal.js">
        <metrics statements="8" coveredstatements="0" conditionals="4" coveredconditionals="0" methods="2" coveredmethods="0"/>
        <line num="4" count="0" type="stmt"/>
        <line num="6" count="0" type="stmt"/>
        <line num="7" count="0" type="cond" truecount="0" falsecount="2"/>
        <line num="8" count="0" type="stmt"/>
        <line num="17" count="0" type="cond" truecount="0" falsecount="2"/>
        <line num="18" count="0" type="stmt"/>
        <line num="28" count="0" type="stmt"/>
        <line num="45" count="0" type="stmt"/>
      </file>
    </package>
    <package name="src.components.search">
      <metrics statements="29" coveredstatements="0" conditionals="21" coveredconditionals="0" methods="7" coveredmethods="0"/>
      <file name="FeatureCards.js" path="C:\Users\BillGates\Documents\Computer Science\YOS 3\COMS3009 (SD)\Project\new\Constitutional-Access-develop\src\components\search\FeatureCards.js">
        <metrics statements="6" coveredstatements="0" conditionals="0" coveredconditionals="0" methods="2" coveredmethods="0"/>
        <line num="1" count="0" type="stmt"/>
        <line num="3" count="0" type="stmt"/>
        <line num="4" count="0" type="stmt"/>
        <line num="55" count="0" type="stmt"/>
        <line num="57" count="0" type="stmt"/>
        <line num="68" count="0" type="stmt"/>
      </file>
      <file name="ResultCard.js" path="C:\Users\BillGates\Documents\Computer Science\YOS 3\COMS3009 (SD)\Project\new\Constitutional-Access-develop\src\components\search\ResultCard.js">
        <metrics statements="10" coveredstatements="0" conditionals="14" coveredconditionals="0" methods="1" coveredmethods="0"/>
        <line num="1" count="0" type="stmt"/>
        <line num="2" count="0" type="stmt"/>
        <line num="4" count="0" type="stmt"/>
        <line num="5" count="0" type="cond" truecount="0" falsecount="3"/>
        <line num="6" count="0" type="cond" truecount="0" falsecount="3"/>
        <line num="7" count="0" type="cond" truecount="0" falsecount="3"/>
        <line num="8" count="0" type="cond" truecount="0" falsecount="3"/>
        <line num="9" count="0" type="cond" truecount="0" falsecount="2"/>
        <line num="11" count="0" type="stmt"/>
        <line num="51" count="0" type="stmt"/>
      </file>
      <file name="SearchHeader.js" path="C:\Users\BillGates\Documents\Computer Science\YOS 3\COMS3009 (SD)\Project\new\Constitutional-Access-develop\src\components\search\SearchHeader.js">
        <metrics statements="6" coveredstatements="0" conditionals="0" coveredconditionals="0" methods="2" coveredmethods="0"/>
        <line num="1" count="0" type="stmt"/>
        <line num="2" count="0" type="stmt"/>
        <line num="4" count="0" type="stmt"/>
        <line num="5" count="0" type="stmt"/>
        <line num="11" count="0" type="stmt"/>
        <line num="25" count="0" type="stmt"/>
      </file>
      <file name="SearchResults.js" path="C:\Users\BillGates\Documents\Computer Science\YOS 3\COMS3009 (SD)\Project\new\Constitutional-Access-develop\src\components\search\SearchResults.js">
        <metrics statements="7" coveredstatements="0" conditionals="7" coveredconditionals="0" methods="2" coveredmethods="0"/>
        <line num="1" count="0" type="stmt"/>
        <line num="2" count="0" type="stmt"/>
        <line num="3" count="0" type="stmt"/>
        <line num="5" count="0" type="stmt"/>
        <line num="6" count="0" type="stmt"/>
        <line num="29" count="0" type="stmt"/>
        <line num="38" count="0" type="stmt"/>
      </file>
    </package>
    <package name="src.hooks">
      <metrics statements="42" coveredstatements="0" conditionals="12" coveredconditionals="0" methods="9" coveredmethods="0"/>
      <file name="useFileManagement.js" path="C:\Users\BillGates\Documents\Computer Science\YOS 3\COMS3009 (SD)\Project\new\Constitutional-Access-develop\src\hooks\useFileManagement.js">
        <metrics statements="42" coveredstatements="0" conditionals="12" coveredconditionals="0" methods="9" coveredmethods="0"/>
        <line num="2" count="0" type="stmt"/>
        <line num="4" count="0" type="stmt"/>
        <line num="6" count="0" type="stmt"/>
        <line num="42" count="0" type="stmt"/>
        <line num="43" count="0" type="stmt"/>
        <line num="45" count="0" type="stmt"/>
        <line num="46" count="0" type="stmt"/>
        <line num="47" count="0" type="stmt"/>
        <line num="49" count="0" type="stmt"/>
        <line num="50" count="0" type="stmt"/>
        <line num="51" count="0" type="stmt"/>
        <line num="52" count="0" type="cond" truecount="0" falsecount="2"/>
        <line num="53" count="0" type="cond" truecount="0" falsecount="2"/>
        <line num="54" count="0" type="cond" truecount="0" falsecount="2"/>
        <line num="56" count="0" type="stmt"/>
        <line num="59" count="0" type="stmt"/>
        <line num="60" count="0" type="stmt"/>
        <line num="65" count="0" type="stmt"/>
        <line num="66" count="0" type="stmt"/>
        <line num="68" count="0" type="stmt"/>
        <line num="70" count="0" type="stmt"/>
        <line num="76" count="0" type="stmt"/>
        <line num="77" count="0" type="stmt"/>
        <line num="86" count="0" type="stmt"/>
        <line num="88" count="0" type="stmt"/>
        <line num="89" count="0" type="stmt"/>
        <line num="95" count="0" type="cond" truecount="0" falsecount="2"/>
        <line num="96" count="0" type="stmt"/>
        <line num="99" count="0" type="stmt"/>
        <line num="100" count="0" type="stmt"/>
        <line num="103" count="0" type="stmt"/>
        <line num="108" count="0" type="stmt"/>
        <line num="109" count="0" type="stmt"/>
        <line num="110" count="0" type="cond" truecount="0" falsecount="2"/>
        <line num="111" count="0" type="stmt"/>
        <line num="115" count="0" type="stmt"/>
        <line num="116" count="0" type="stmt"/>
        <line num="119" count="0" type="stmt"/>
        <line num="120" count="0" type="stmt"/>
        <line num="121" count="0" type="cond" truecount="0" falsecount="2"/>
        <line num="123" count="0" type="stmt"/>
        <line num="126" count="0" type="stmt"/>
      </file>
    </package>
    <package name="src.pages">
      <metrics statements="61" coveredstatements="0" conditionals="36" coveredconditionals="0" methods="20" coveredmethods="0"/>
      <file name="APIDocumentation.js" path="C:\Users\BillGates\Documents\Computer Science\YOS 3\COMS3009 (SD)\Project\new\Constitutional-Access-develop\src\pages\APIDocumentation.js">
        <metrics statements="2" coveredstatements="0" conditionals="0" coveredconditionals="0" methods="1" coveredmethods="0"/>
        <line num="4" count="0" type="stmt"/>
        <line num="5" count="0" type="stmt"/>
      </file>
      <file name="AdminPage.js" path="C:\Users\BillGates\Documents\Computer Science\YOS 3\COMS3009 (SD)\Project\new\Constitutional-Access-develop\src\pages\AdminPage.js">
        <metrics statements="8" coveredstatements="0" conditionals="2" coveredconditionals="0" methods="3" coveredmethods="0"/>
        <line num="9" count="0" type="stmt"/>
        <line num="10" count="0" type="stmt"/>
        <line num="19" count="0" type="stmt"/>
        <line num="21" count="0" type="stmt"/>
        <line num="23" count="0" type="stmt"/>
        <line num="24" count="0" type="stmt"/>
        <line num="27" count="0" type="stmt"/>
        <line num="54" count="0" type="stmt"/>
      </file>
      <file name="HomePage.js" path="C:\Users\BillGates\Documents\Computer Science\YOS 3\COMS3009 (SD)\Project\new\Constitutional-Access-develop\src\pages\HomePage.js">
        <metrics statements="5" coveredstatements="0" conditionals="10" coveredconditionals="0" methods="2" coveredmethods="0"/>
        <line num="6" count="0" type="stmt"/>
        <line num="7" count="0" type="stmt"/>
        <line num="45" count="0" type="stmt"/>
        <line num="46" count="0" type="stmt"/>
        <line num="48" count="0" type="stmt"/>
      </file>
      <file name="SearchPage.js" path="C:\Users\BillGates\Documents\Computer Science\YOS 3\COMS3009 (SD)\Project\new\Constitutional-Access-develop\src\pages\SearchPage.js">
        <metrics statements="28" coveredstatements="0" conditionals="20" coveredconditionals="0" methods="3" coveredmethods="0"/>
        <line num="5" count="0" type="stmt"/>
        <line num="6" count="0" type="stmt"/>
        <line num="7" count="0" type="stmt"/>
        <line num="8" count="0" type="stmt"/>
        <line num="9" count="0" type="stmt"/>
        <line num="10" count="0" type="stmt"/>
        <line num="11" count="0" type="stmt"/>
        <line num="13" count="0" type="stmt"/>
        <line num="14" count="0" type="cond" truecount="0" falsecount="4"/>
        <line num="16" count="0" type="stmt"/>
        <line num="17" count="0" type="stmt"/>
        <line num="18" count="0" type="stmt"/>
        <line num="20" count="0" type="stmt"/>
        <line num="21" count="0" type="stmt"/>
        <line num="22" count="0" type="cond" truecount="0" falsecount="2"/>
        <line num="23" count="0" type="cond" truecount="0" falsecount="2"/>
        <line num="25" count="0" type="stmt"/>
        <line num="26" count="0" type="cond" truecount="0" falsecount="2"/>
        <line num="27" count="0" type="stmt"/>
        <line num="28" count="0" type="stmt"/>
        <line num="30" count="0" type="stmt"/>
        <line num="31" count="0" type="stmt"/>
        <line num="32" count="0" type="stmt"/>
        <line num="34" count="0" type="stmt"/>
        <line num="39" count="0" type="stmt"/>
        <line num="40" count="0" type="cond" truecount="0" falsecount="2"/>
        <line num="41" count="0" type="stmt"/>
        <line num="45" count="0" type="stmt"/>
      </file>
      <file name="SuperAdminPage.js" path="C:\Users\BillGates\Documents\Computer Science\YOS 3\COMS3009 (SD)\Project\new\Constitutional-Access-develop\src\pages\SuperAdminPage.js">
        <metrics statements="18" coveredstatements="0" conditionals="4" coveredconditionals="0" methods="11" coveredmethods="0"/>
        <line num="5" count="0" type="stmt"/>
        <line num="6" count="0" type="stmt"/>
        <line num="9" count="0" type="stmt"/>
        <line num="15" count="0" type="stmt"/>
        <line num="32" count="0" type="stmt"/>
        <line num="33" count="0" type="stmt"/>
        <line num="34" count="0" type="cond" truecount="0" falsecount="2"/>
        <line num="37" count="0" type="stmt"/>
        <line num="44" count="0" type="stmt"/>
        <line num="45" count="0" type="stmt"/>
        <line num="48" count="0" type="stmt"/>
        <line num="49" count="0" type="stmt"/>
        <line num="52" count="0" type="stmt"/>
        <line num="58" count="0" type="stmt"/>
        <line num="93" count="0" type="stmt"/>
        <line num="102" count="0" type="stmt"/>
        <line num="112" count="0" type="stmt"/>
        <line num="155" count="0" type="stmt"/>
      </file>
    </package>
  </project>
</coverage>
