{"C:\\Users\\BillGates\\Documents\\Computer Science\\YOS 3\\COMS3009 (SD)\\Project\\new\\Constitutional-Access-develop\\src\\App.js": {"path":"C:\\Users\\BillGates\\Documents\\Computer Science\\YOS 3\\COMS3009 (SD)\\Project\\new\\Constitutional-Access-develop\\src\\App.js","statementMap":{"0":{"start":{"line":13,"column":2},"end":{"line":40,"column":4}}},"fnMap":{"0":{"name":"App","decl":{"start":{"line":12,"column":9},"end":{"line":12,"column":12}},"loc":{"start":{"line":12,"column":15},"end":{"line":41,"column":1}},"line":12}},"branchMap":{},"s":{"0":6},"f":{"0":6},"b":{},"_coverageSchema":"1a1c01bbd47fc00a2c39e90264f33305004495a9","hash":"737c95c372744237a830215a78c6ec270d6bbfd3"}
,"C:\\Users\\BillGates\\Documents\\Computer Science\\YOS 3\\COMS3009 (SD)\\Project\\new\\Constitutional-Access-develop\\src\\PrivateRoute.js": {"path":"C:\\Users\\BillGates\\Documents\\Computer Science\\YOS 3\\COMS3009 (SD)\\Project\\new\\Constitutional-Access-develop\\src\\PrivateRoute.js","statementMap":{"0":{"start":{"line":6,"column":21},"end":{"line":14,"column":1}},"1":{"start":{"line":7,"column":41},"end":{"line":7,"column":51}},"2":{"start":{"line":9,"column":2},"end":{"line":11,"column":3}},"3":{"start":{"line":10,"column":4},"end":{"line":10,"column":33}},"4":{"start":{"line":13,"column":2},"end":{"line":13,"column":58}}},"fnMap":{"0":{"name":"(anonymous_0)","decl":{"start":{"line":6,"column":21},"end":{"line":6,"column":22}},"loc":{"start":{"line":6,"column":39},"end":{"line":14,"column":1}},"line":6}},"branchMap":{"0":{"loc":{"start":{"line":9,"column":2},"end":{"line":11,"column":3}},"type":"if","locations":[{"start":{"line":9,"column":2},"end":{"line":11,"column":3}},{"start":{},"end":{}}],"line":9},"1":{"loc":{"start":{"line":13,"column":9},"end":{"line":13,"column":57}},"type":"cond-expr","locations":[{"start":{"line":13,"column":27},"end":{"line":13,"column":35}},{"start":{"line":13,"column":38},"end":{"line":13,"column":57}}],"line":13}},"s":{"0":0,"1":0,"2":0,"3":0,"4":0},"f":{"0":0},"b":{"0":[0,0],"1":[0,0]}}
,"C:\\Users\\BillGates\\Documents\\Computer Science\\YOS 3\\COMS3009 (SD)\\Project\\new\\Constitutional-Access-develop\\src\\setupTests.js": {"path":"C:\\Users\\BillGates\\Documents\\Computer Science\\YOS 3\\COMS3009 (SD)\\Project\\new\\Constitutional-Access-develop\\src\\setupTests.js","statementMap":{},"fnMap":{},"branchMap":{},"s":{},"f":{},"b":{}}
,"C:\\Users\\BillGates\\Documents\\Computer Science\\YOS 3\\COMS3009 (SD)\\Project\\new\\Constitutional-Access-develop\\src\\components\\Navbar.js": {"path":"C:\\Users\\BillGates\\Documents\\Computer Science\\YOS 3\\COMS3009 (SD)\\Project\\new\\Constitutional-Access-develop\\src\\components\\Navbar.js","statementMap":{"0":{"start":{"line":6,"column":15},"end":{"line":132,"column":1}},"1":{"start":{"line":7,"column":19},"end":{"line":7,"column":32}},"2":{"start":{"line":8,"column":30},"end":{"line":8,"column":45}},"3":{"start":{"line":9,"column":49},"end":{"line":9,"column":59}},"4":{"start":{"line":11,"column":22},"end":{"line":16,"column":6}},"5":{"start":{"line":12,"column":4},"end":{"line":16,"column":6}},"6":{"start":{"line":18,"column":28},"end":{"line":23,"column":6}},"7":{"start":{"line":19,"column":4},"end":{"line":23,"column":6}},"8":{"start":{"line":25,"column":2},"end":{"line":131,"column":4}},"9":{"start":{"line":51,"column":29},"end":{"line":51,"column":48}},"10":{"start":{"line":60,"column":25},"end":{"line":60,"column":43}},"11":{"start":{"line":78,"column":27},"end":{"line":78,"column":43}},"12":{"start":{"line":88,"column":27},"end":{"line":88,"column":43}},"13":{"start":{"line":98,"column":27},"end":{"line":98,"column":43}},"14":{"start":{"line":110,"column":29},"end":{"line":110,"column":45}},"15":{"start":{"line":120,"column":16},"end":{"line":120,"column":33}},"16":{"start":{"line":121,"column":16},"end":{"line":121,"column":36}}},"fnMap":{"0":{"name":"(anonymous_0)","decl":{"start":{"line":6,"column":15},"end":{"line":6,"column":16}},"loc":{"start":{"line":6,"column":21},"end":{"line":132,"column":1}},"line":6},"1":{"name":"(anonymous_1)","decl":{"start":{"line":11,"column":22},"end":{"line":11,"column":23}},"loc":{"start":{"line":12,"column":4},"end":{"line":16,"column":6}},"line":12},"2":{"name":"(anonymous_2)","decl":{"start":{"line":18,"column":28},"end":{"line":18,"column":29}},"loc":{"start":{"line":19,"column":4},"end":{"line":23,"column":6}},"line":19},"3":{"name":"(anonymous_3)","decl":{"start":{"line":51,"column":23},"end":{"line":51,"column":24}},"loc":{"start":{"line":51,"column":29},"end":{"line":51,"column":48}},"line":51},"4":{"name":"(anonymous_4)","decl":{"start":{"line":60,"column":19},"end":{"line":60,"column":20}},"loc":{"start":{"line":60,"column":25},"end":{"line":60,"column":43}},"line":60},"5":{"name":"(anonymous_5)","decl":{"start":{"line":78,"column":21},"end":{"line":78,"column":22}},"loc":{"start":{"line":78,"column":27},"end":{"line":78,"column":43}},"line":78},"6":{"name":"(anonymous_6)","decl":{"start":{"line":88,"column":21},"end":{"line":88,"column":22}},"loc":{"start":{"line":88,"column":27},"end":{"line":88,"column":43}},"line":88},"7":{"name":"(anonymous_7)","decl":{"start":{"line":98,"column":21},"end":{"line":98,"column":22}},"loc":{"start":{"line":98,"column":27},"end":{"line":98,"column":43}},"line":98},"8":{"name":"(anonymous_8)","decl":{"start":{"line":110,"column":23},"end":{"line":110,"column":24}},"loc":{"start":{"line":110,"column":29},"end":{"line":110,"column":45}},"line":110},"9":{"name":"(anonymous_9)","decl":{"start":{"line":119,"column":23},"end":{"line":119,"column":24}},"loc":{"start":{"line":119,"column":29},"end":{"line":122,"column":15}},"line":119}},"branchMap":{"0":{"loc":{"start":{"line":13,"column":6},"end":{"line":15,"column":43}},"type":"cond-expr","locations":[{"start":{"line":14,"column":10},"end":{"line":14,"column":34}},{"start":{"line":15,"column":10},"end":{"line":15,"column":43}}],"line":13},"1":{"loc":{"start":{"line":20,"column":6},"end":{"line":22,"column":43}},"type":"cond-expr","locations":[{"start":{"line":21,"column":10},"end":{"line":21,"column":34}},{"start":{"line":22,"column":10},"end":{"line":22,"column":43}}],"line":20},"2":{"loc":{"start":{"line":44,"column":11},"end":{"line":56,"column":11}},"type":"cond-expr","locations":[{"start":{"line":45,"column":12},"end":{"line":48,"column":19}},{"start":{"line":50,"column":12},"end":{"line":55,"column":21}}],"line":44},"3":{"loc":{"start":{"line":65,"column":11},"end":{"line":69,"column":11}},"type":"cond-expr","locations":[{"start":{"line":66,"column":12},"end":{"line":66,"column":37}},{"start":{"line":68,"column":12},"end":{"line":68,"column":40}}],"line":65},"4":{"loc":{"start":{"line":73,"column":7},"end":{"line":129,"column":7}},"type":"binary-expr","locations":[{"start":{"line":73,"column":7},"end":{"line":73,"column":13}},{"start":{"line":74,"column":8},"end":{"line":128,"column":14}}],"line":73},"5":{"loc":{"start":{"line":106,"column":11},"end":{"line":127,"column":11}},"type":"cond-expr","locations":[{"start":{"line":107,"column":12},"end":{"line":116,"column":19}},{"start":{"line":118,"column":12},"end":{"line":126,"column":21}}],"line":106}},"s":{"0":1,"1":7,"2":7,"3":7,"4":7,"5":22,"6":7,"7":3,"8":7,"9":1,"10":2,"11":0,"12":0,"13":0,"14":0,"15":0,"16":0},"f":{"0":7,"1":22,"2":3,"3":1,"4":2,"5":0,"6":0,"7":0,"8":0,"9":0},"b":{"0":[7,15],"1":[1,2],"2":[1,6],"3":[1,6],"4":[7,1],"5":[0,1]},"_coverageSchema":"1a1c01bbd47fc00a2c39e90264f33305004495a9","hash":"7b540c02169ba9184c29b2b0fab18a29bdb53ce1"}
,"C:\\Users\\BillGates\\Documents\\Computer Science\\YOS 3\\COMS3009 (SD)\\Project\\new\\Constitutional-Access-develop\\src\\components\\admin\\AdminHeader.js": {"path":"C:\\Users\\BillGates\\Documents\\Computer Science\\YOS 3\\COMS3009 (SD)\\Project\\new\\Constitutional-Access-develop\\src\\components\\admin\\AdminHeader.js","statementMap":{"0":{"start":{"line":6,"column":20},"end":{"line":116,"column":1}},"1":{"start":{"line":7,"column":21},"end":{"line":7,"column":31}},"2":{"start":{"line":8,"column":19},"end":{"line":8,"column":32}},"3":{"start":{"line":9,"column":19},"end":{"line":9,"column":32}},"4":{"start":{"line":10,"column":38},"end":{"line":10,"column":53}},"5":{"start":{"line":12,"column":24},"end":{"line":12,"column":74}},"6":{"start":{"line":12,"column":30},"end":{"line":12,"column":74}},"7":{"start":{"line":13,"column":21},"end":{"line":13,"column":53}},"8":{"start":{"line":13,"column":27},"end":{"line":13,"column":53}},"9":{"start":{"line":16,"column":24},"end":{"line":29,"column":3}},"10":{"start":{"line":31,"column":2},"end":{"line":115,"column":4}},"11":{"start":{"line":44,"column":14},"end":{"line":56,"column":23}},"12":{"start":{"line":46,"column":31},"end":{"line":46,"column":50}},"13":{"start":{"line":87,"column":16},"end":{"line":101,"column":25}},"14":{"start":{"line":90,"column":20},"end":{"line":90,"column":40}},"15":{"start":{"line":91,"column":20},"end":{"line":91,"column":41}}},"fnMap":{"0":{"name":"(anonymous_0)","decl":{"start":{"line":6,"column":20},"end":{"line":6,"column":21}},"loc":{"start":{"line":6,"column":26},"end":{"line":116,"column":1}},"line":6},"1":{"name":"(anonymous_1)","decl":{"start":{"line":12,"column":24},"end":{"line":12,"column":25}},"loc":{"start":{"line":12,"column":30},"end":{"line":12,"column":74}},"line":12},"2":{"name":"(anonymous_2)","decl":{"start":{"line":13,"column":21},"end":{"line":13,"column":22}},"loc":{"start":{"line":13,"column":27},"end":{"line":13,"column":53}},"line":13},"3":{"name":"(anonymous_3)","decl":{"start":{"line":43,"column":31},"end":{"line":43,"column":32}},"loc":{"start":{"line":44,"column":14},"end":{"line":56,"column":23}},"line":44},"4":{"name":"(anonymous_4)","decl":{"start":{"line":46,"column":25},"end":{"line":46,"column":26}},"loc":{"start":{"line":46,"column":31},"end":{"line":46,"column":50}},"line":46},"5":{"name":"(anonymous_5)","decl":{"start":{"line":86,"column":33},"end":{"line":86,"column":34}},"loc":{"start":{"line":87,"column":16},"end":{"line":101,"column":25}},"line":87},"6":{"name":"(anonymous_6)","decl":{"start":{"line":89,"column":27},"end":{"line":89,"column":28}},"loc":{"start":{"line":89,"column":33},"end":{"line":92,"column":19}},"line":89}},"branchMap":{"0":{"loc":{"start":{"line":48,"column":18},"end":{"line":50,"column":54}},"type":"cond-expr","locations":[{"start":{"line":49,"column":22},"end":{"line":49,"column":46}},{"start":{"line":50,"column":22},"end":{"line":50,"column":54}}],"line":48},"1":{"loc":{"start":{"line":77,"column":15},"end":{"line":77,"column":84}},"type":"cond-expr","locations":[{"start":{"line":77,"column":28},"end":{"line":77,"column":53}},{"start":{"line":77,"column":56},"end":{"line":77,"column":84}}],"line":77},"2":{"loc":{"start":{"line":83,"column":9},"end":{"line":112,"column":9}},"type":"binary-expr","locations":[{"start":{"line":83,"column":9},"end":{"line":83,"column":19}},{"start":{"line":84,"column":10},"end":{"line":111,"column":16}}],"line":83},"3":{"loc":{"start":{"line":94,"column":20},"end":{"line":96,"column":56}},"type":"cond-expr","locations":[{"start":{"line":95,"column":24},"end":{"line":95,"column":48}},{"start":{"line":96,"column":24},"end":{"line":96,"column":56}}],"line":94}},"s":{"0":1,"1":7,"2":7,"3":7,"4":7,"5":7,"6":1,"7":7,"8":2,"9":7,"10":7,"11":14,"12":1,"13":2,"14":0,"15":0},"f":{"0":7,"1":1,"2":2,"3":14,"4":1,"5":2,"6":0},"b":{"0":[7,7],"1":[1,6],"2":[7,1],"3":[1,1]},"_coverageSchema":"1a1c01bbd47fc00a2c39e90264f33305004495a9","hash":"fc85dcb457cdbc4f1a1e82e98169fa37473704b3"}
,"C:\\Users\\BillGates\\Documents\\Computer Science\\YOS 3\\COMS3009 (SD)\\Project\\new\\Constitutional-Access-develop\\src\\components\\admin\\EditMetadataModal.js": {"path":"C:\\Users\\BillGates\\Documents\\Computer Science\\YOS 3\\COMS3009 (SD)\\Project\\new\\Constitutional-Access-develop\\src\\components\\admin\\EditMetadataModal.js","statementMap":{"0":{"start":{"line":4,"column":26},"end":{"line":135,"column":1}},"1":{"start":{"line":5,"column":34},"end":{"line":11,"column":4}},"2":{"start":{"line":13,"column":2},"end":{"line":23,"column":13}},"3":{"start":{"line":14,"column":4},"end":{"line":22,"column":5}},"4":{"start":{"line":15,"column":6},"end":{"line":21,"column":9}},"5":{"start":{"line":25,"column":2},"end":{"line":25,"column":25}},"6":{"start":{"line":25,"column":13},"end":{"line":25,"column":25}},"7":{"start":{"line":27,"column":23},"end":{"line":43,"column":3}},"8":{"start":{"line":28,"column":4},"end":{"line":28,"column":23}},"9":{"start":{"line":31,"column":4},"end":{"line":33,"column":5}},"10":{"start":{"line":32,"column":6},"end":{"line":32,"column":13}},"11":{"start":{"line":35,"column":4},"end":{"line":42,"column":7}},"12":{"start":{"line":40,"column":48},"end":{"line":40,"column":58}},"13":{"start":{"line":45,"column":2},"end":{"line":134,"column":4}},"14":{"start":{"line":61,"column":33},"end":{"line":61,"column":81}},"15":{"start":{"line":72,"column":33},"end":{"line":72,"column":85}},"16":{"start":{"line":89,"column":33},"end":{"line":89,"column":81}},"17":{"start":{"line":99,"column":33},"end":{"line":99,"column":88}},"18":{"start":{"line":110,"column":33},"end":{"line":110,"column":81}}},"fnMap":{"0":{"name":"(anonymous_0)","decl":{"start":{"line":4,"column":26},"end":{"line":4,"column":27}},"loc":{"start":{"line":4,"column":57},"end":{"line":135,"column":1}},"line":4},"1":{"name":"(anonymous_1)","decl":{"start":{"line":13,"column":12},"end":{"line":13,"column":13}},"loc":{"start":{"line":13,"column":18},"end":{"line":23,"column":3}},"line":13},"2":{"name":"(anonymous_2)","decl":{"start":{"line":27,"column":23},"end":{"line":27,"column":24}},"loc":{"start":{"line":27,"column":30},"end":{"line":43,"column":3}},"line":27},"3":{"name":"(anonymous_3)","decl":{"start":{"line":40,"column":41},"end":{"line":40,"column":42}},"loc":{"start":{"line":40,"column":48},"end":{"line":40,"column":58}},"line":40},"4":{"name":"(anonymous_4)","decl":{"start":{"line":61,"column":26},"end":{"line":61,"column":27}},"loc":{"start":{"line":61,"column":33},"end":{"line":61,"column":81}},"line":61},"5":{"name":"(anonymous_5)","decl":{"start":{"line":72,"column":26},"end":{"line":72,"column":27}},"loc":{"start":{"line":72,"column":33},"end":{"line":72,"column":85}},"line":72},"6":{"name":"(anonymous_6)","decl":{"start":{"line":89,"column":26},"end":{"line":89,"column":27}},"loc":{"start":{"line":89,"column":33},"end":{"line":89,"column":81}},"line":89},"7":{"name":"(anonymous_7)","decl":{"start":{"line":99,"column":26},"end":{"line":99,"column":27}},"loc":{"start":{"line":99,"column":33},"end":{"line":99,"column":88}},"line":99},"8":{"name":"(anonymous_8)","decl":{"start":{"line":110,"column":26},"end":{"line":110,"column":27}},"loc":{"start":{"line":110,"column":33},"end":{"line":110,"column":81}},"line":110}},"branchMap":{"0":{"loc":{"start":{"line":14,"column":4},"end":{"line":22,"column":5}},"type":"if","locations":[{"start":{"line":14,"column":4},"end":{"line":22,"column":5}},{"start":{},"end":{}}],"line":14},"1":{"loc":{"start":{"line":16,"column":14},"end":{"line":16,"column":29}},"type":"binary-expr","locations":[{"start":{"line":16,"column":14},"end":{"line":16,"column":23}},{"start":{"line":16,"column":27},"end":{"line":16,"column":29}}],"line":16},"2":{"loc":{"start":{"line":17,"column":18},"end":{"line":17,"column":37}},"type":"binary-expr","locations":[{"start":{"line":17,"column":18},"end":{"line":17,"column":31}},{"start":{"line":17,"column":35},"end":{"line":17,"column":37}}],"line":17},"3":{"loc":{"start":{"line":18,"column":21},"end":{"line":18,"column":43}},"type":"binary-expr","locations":[{"start":{"line":18,"column":21},"end":{"line":18,"column":37}},{"start":{"line":18,"column":41},"end":{"line":18,"column":43}}],"line":18},"4":{"loc":{"start":{"line":19,"column":14},"end":{"line":19,"column":41}},"type":"binary-expr","locations":[{"start":{"line":19,"column":14},"end":{"line":19,"column":35}},{"start":{"line":19,"column":39},"end":{"line":19,"column":41}}],"line":19},"5":{"loc":{"start":{"line":20,"column":14},"end":{"line":20,"column":30}},"type":"binary-expr","locations":[{"start":{"line":20,"column":14},"end":{"line":20,"column":23}},{"start":{"line":20,"column":27},"end":{"line":20,"column":30}}],"line":20},"6":{"loc":{"start":{"line":25,"column":2},"end":{"line":25,"column":25}},"type":"if","locations":[{"start":{"line":25,"column":2},"end":{"line":25,"column":25}},{"start":{},"end":{}}],"line":25},"7":{"loc":{"start":{"line":31,"column":4},"end":{"line":33,"column":5}},"type":"if","locations":[{"start":{"line":31,"column":4},"end":{"line":33,"column":5}},{"start":{},"end":{}}],"line":31},"8":{"loc":{"start":{"line":31,"column":8},"end":{"line":31,"column":44}},"type":"binary-expr","locations":[{"start":{"line":31,"column":8},"end":{"line":31,"column":22}},{"start":{"line":31,"column":26},"end":{"line":31,"column":44}}],"line":31}},"s":{"0":1,"1":22,"2":22,"3":8,"4":7,"5":22,"6":1,"7":21,"8":2,"9":2,"10":1,"11":1,"12":2,"13":21,"14":3,"15":2,"16":0,"17":1,"18":1},"f":{"0":22,"1":8,"2":2,"3":2,"4":3,"5":2,"6":0,"7":1,"8":1},"b":{"0":[7,1],"1":[7,0],"2":[7,0],"3":[7,0],"4":[7,0],"5":[7,0],"6":[1,21],"7":[1,1],"8":[2,1]},"_coverageSchema":"1a1c01bbd47fc00a2c39e90264f33305004495a9","hash":"ab637908c680e6bcfcd94c7bd2ccc5a5c0e529e4"}
,"C:\\Users\\BillGates\\Documents\\Computer Science\\YOS 3\\COMS3009 (SD)\\Project\\new\\Constitutional-Access-develop\\src\\components\\admin\\FileTable.js": {"path":"C:\\Users\\BillGates\\Documents\\Computer Science\\YOS 3\\COMS3009 (SD)\\Project\\new\\Constitutional-Access-develop\\src\\components\\admin\\FileTable.js","statementMap":{"0":{"start":{"line":4,"column":18},"end":{"line":66,"column":1}},"1":{"start":{"line":5,"column":2},"end":{"line":65,"column":4}},"2":{"start":{"line":21,"column":12},"end":{"line":60,"column":17}},"3":{"start":{"line":30,"column":26},"end":{"line":32,"column":33}},"4":{"start":{"line":47,"column":33},"end":{"line":47,"column":48}},"5":{"start":{"line":54,"column":33},"end":{"line":54,"column":50}}},"fnMap":{"0":{"name":"(anonymous_0)","decl":{"start":{"line":4,"column":18},"end":{"line":4,"column":19}},"loc":{"start":{"line":4,"column":51},"end":{"line":66,"column":1}},"line":4},"1":{"name":"(anonymous_1)","decl":{"start":{"line":20,"column":21},"end":{"line":20,"column":22}},"loc":{"start":{"line":21,"column":12},"end":{"line":60,"column":17}},"line":21},"2":{"name":"(anonymous_2)","decl":{"start":{"line":29,"column":39},"end":{"line":29,"column":40}},"loc":{"start":{"line":30,"column":26},"end":{"line":32,"column":33}},"line":30},"3":{"name":"(anonymous_3)","decl":{"start":{"line":47,"column":27},"end":{"line":47,"column":28}},"loc":{"start":{"line":47,"column":33},"end":{"line":47,"column":48}},"line":47},"4":{"name":"(anonymous_4)","decl":{"start":{"line":54,"column":27},"end":{"line":54,"column":28}},"loc":{"start":{"line":54,"column":33},"end":{"line":54,"column":50}},"line":54}},"branchMap":{"0":{"loc":{"start":{"line":27,"column":21},"end":{"line":35,"column":21}},"type":"binary-expr","locations":[{"start":{"line":27,"column":21},"end":{"line":27,"column":30}},{"start":{"line":28,"column":22},"end":{"line":34,"column":26}}],"line":27},"1":{"loc":{"start":{"line":40,"column":122},"end":{"line":40,"column":142}},"type":"binary-expr","locations":[{"start":{"line":40,"column":122},"end":{"line":40,"column":135}},{"start":{"line":40,"column":139},"end":{"line":40,"column":142}}],"line":40},"2":{"loc":{"start":{"line":41,"column":118},"end":{"line":41,"column":134}},"type":"binary-expr","locations":[{"start":{"line":41,"column":118},"end":{"line":41,"column":127}},{"start":{"line":41,"column":131},"end":{"line":41,"column":134}}],"line":41}},"s":{"0":1,"1":6,"2":8,"3":8,"4":0,"5":1},"f":{"0":6,"1":8,"2":8,"3":0,"4":1},"b":{"0":[8,8],"1":[8,4],"2":[8,4]},"_coverageSchema":"1a1c01bbd47fc00a2c39e90264f33305004495a9","hash":"2ee85d06808ddc1f228cdaaf11ece392c8675a7b"}
,"C:\\Users\\BillGates\\Documents\\Computer Science\\YOS 3\\COMS3009 (SD)\\Project\\new\\Constitutional-Access-develop\\src\\components\\admin\\FileUpload.js": {"path":"C:\\Users\\BillGates\\Documents\\Computer Science\\YOS 3\\COMS3009 (SD)\\Project\\new\\Constitutional-Access-develop\\src\\components\\admin\\FileUpload.js","statementMap":{"0":{"start":{"line":4,"column":19},"end":{"line":285,"column":1}},"1":{"start":{"line":5,"column":44},"end":{"line":5,"column":56}},"2":{"start":{"line":6,"column":50},"end":{"line":6,"column":64}},"3":{"start":{"line":8,"column":27},"end":{"line":22,"column":3}},"4":{"start":{"line":9,"column":4},"end":{"line":21,"column":5}},"5":{"start":{"line":10,"column":25},"end":{"line":19,"column":9}},"6":{"start":{"line":10,"column":69},"end":{"line":19,"column":7}},"7":{"start":{"line":20,"column":6},"end":{"line":20,"column":35}},"8":{"start":{"line":24,"column":21},"end":{"line":39,"column":3}},"9":{"start":{"line":25,"column":4},"end":{"line":25,"column":27}},"10":{"start":{"line":26,"column":4},"end":{"line":38,"column":5}},"11":{"start":{"line":27,"column":25},"end":{"line":36,"column":9}},"12":{"start":{"line":27,"column":75},"end":{"line":36,"column":7}},"13":{"start":{"line":37,"column":6},"end":{"line":37,"column":35}},"14":{"start":{"line":41,"column":25},"end":{"line":43,"column":3}},"15":{"start":{"line":42,"column":4},"end":{"line":42,"column":27}},"16":{"start":{"line":45,"column":23},"end":{"line":52,"column":3}},"17":{"start":{"line":46,"column":4},"end":{"line":51,"column":6}},"18":{"start":{"line":54,"column":31},"end":{"line":59,"column":3}},"19":{"start":{"line":55,"column":25},"end":{"line":55,"column":43}},"20":{"start":{"line":56,"column":4},"end":{"line":56,"column":48}},"21":{"start":{"line":57,"column":4},"end":{"line":57,"column":68}},"22":{"start":{"line":58,"column":4},"end":{"line":58,"column":35}},"23":{"start":{"line":61,"column":23},"end":{"line":71,"column":3}},"24":{"start":{"line":62,"column":4},"end":{"line":62,"column":58}},"25":{"start":{"line":62,"column":35},"end":{"line":62,"column":48}},"26":{"start":{"line":62,"column":51},"end":{"line":62,"column":58}},"27":{"start":{"line":64,"column":26},"end":{"line":67,"column":7}},"28":{"start":{"line":64,"column":55},"end":{"line":67,"column":5}},"29":{"start":{"line":69,"column":4},"end":{"line":69,"column":32}},"30":{"start":{"line":70,"column":4},"end":{"line":70,"column":25}},"31":{"start":{"line":74,"column":27},"end":{"line":85,"column":3}},"32":{"start":{"line":75,"column":25},"end":{"line":75,"column":43}},"33":{"start":{"line":76,"column":4},"end":{"line":76,"column":34}},"34":{"start":{"line":77,"column":4},"end":{"line":77,"column":35}},"35":{"start":{"line":79,"column":4},"end":{"line":84,"column":5}},"36":{"start":{"line":80,"column":6},"end":{"line":80,"column":32}},"37":{"start":{"line":81,"column":11},"end":{"line":84,"column":5}},"38":{"start":{"line":83,"column":6},"end":{"line":83,"column":48}},"39":{"start":{"line":87,"column":24},"end":{"line":87,"column":93}},"40":{"start":{"line":87,"column":80},"end":{"line":87,"column":92}},"41":{"start":{"line":89,"column":2},"end":{"line":284,"column":4}},"42":{"start":{"line":131,"column":14},"end":{"line":259,"column":19}},"43":{"start":{"line":152,"column":37},"end":{"line":152,"column":60}},"44":{"start":{"line":159,"column":37},"end":{"line":159,"column":99}},"45":{"start":{"line":187,"column":43},"end":{"line":187,"column":94}},"46":{"start":{"line":200,"column":43},"end":{"line":200,"column":98}},"47":{"start":{"line":219,"column":41},"end":{"line":219,"column":99}},"48":{"start":{"line":235,"column":41},"end":{"line":235,"column":122}},"49":{"start":{"line":235,"column":112},"end":{"line":235,"column":120}},"50":{"start":{"line":244,"column":39},"end":{"line":244,"column":64}},"51":{"start":{"line":251,"column":39},"end":{"line":251,"column":64}}},"fnMap":{"0":{"name":"(anonymous_0)","decl":{"start":{"line":4,"column":19},"end":{"line":4,"column":20}},"loc":{"start":{"line":4,"column":41},"end":{"line":285,"column":1}},"line":4},"1":{"name":"(anonymous_1)","decl":{"start":{"line":8,"column":27},"end":{"line":8,"column":28}},"loc":{"start":{"line":8,"column":38},"end":{"line":22,"column":3}},"line":8},"2":{"name":"(anonymous_2)","decl":{"start":{"line":10,"column":60},"end":{"line":10,"column":61}},"loc":{"start":{"line":10,"column":69},"end":{"line":19,"column":7}},"line":10},"3":{"name":"(anonymous_3)","decl":{"start":{"line":24,"column":21},"end":{"line":24,"column":22}},"loc":{"start":{"line":24,"column":32},"end":{"line":39,"column":3}},"line":24},"4":{"name":"(anonymous_4)","decl":{"start":{"line":27,"column":66},"end":{"line":27,"column":67}},"loc":{"start":{"line":27,"column":75},"end":{"line":36,"column":7}},"line":27},"5":{"name":"(anonymous_5)","decl":{"start":{"line":41,"column":25},"end":{"line":41,"column":26}},"loc":{"start":{"line":41,"column":36},"end":{"line":43,"column":3}},"line":41},"6":{"name":"(anonymous_6)","decl":{"start":{"line":45,"column":23},"end":{"line":45,"column":24}},"loc":{"start":{"line":45,"column":37},"end":{"line":52,"column":3}},"line":45},"7":{"name":"(anonymous_7)","decl":{"start":{"line":54,"column":31},"end":{"line":54,"column":32}},"loc":{"start":{"line":54,"column":56},"end":{"line":59,"column":3}},"line":54},"8":{"name":"(anonymous_8)","decl":{"start":{"line":61,"column":23},"end":{"line":61,"column":24}},"loc":{"start":{"line":61,"column":29},"end":{"line":71,"column":3}},"line":61},"9":{"name":"(anonymous_9)","decl":{"start":{"line":62,"column":27},"end":{"line":62,"column":28}},"loc":{"start":{"line":62,"column":35},"end":{"line":62,"column":48}},"line":62},"10":{"name":"(anonymous_10)","decl":{"start":{"line":64,"column":44},"end":{"line":64,"column":45}},"loc":{"start":{"line":64,"column":55},"end":{"line":67,"column":5}},"line":64},"11":{"name":"(anonymous_11)","decl":{"start":{"line":74,"column":27},"end":{"line":74,"column":28}},"loc":{"start":{"line":74,"column":38},"end":{"line":85,"column":3}},"line":74},"12":{"name":"(anonymous_12)","decl":{"start":{"line":87,"column":72},"end":{"line":87,"column":73}},"loc":{"start":{"line":87,"column":80},"end":{"line":87,"column":92}},"line":87},"13":{"name":"(anonymous_13)","decl":{"start":{"line":130,"column":31},"end":{"line":130,"column":32}},"loc":{"start":{"line":131,"column":14},"end":{"line":259,"column":19}},"line":131},"14":{"name":"(anonymous_14)","decl":{"start":{"line":152,"column":31},"end":{"line":152,"column":32}},"loc":{"start":{"line":152,"column":37},"end":{"line":152,"column":60}},"line":152},"15":{"name":"(anonymous_15)","decl":{"start":{"line":159,"column":31},"end":{"line":159,"column":32}},"loc":{"start":{"line":159,"column":37},"end":{"line":159,"column":99}},"line":159},"16":{"name":"(anonymous_16)","decl":{"start":{"line":187,"column":36},"end":{"line":187,"column":37}},"loc":{"start":{"line":187,"column":43},"end":{"line":187,"column":94}},"line":187},"17":{"name":"(anonymous_17)","decl":{"start":{"line":200,"column":36},"end":{"line":200,"column":37}},"loc":{"start":{"line":200,"column":43},"end":{"line":200,"column":98}},"line":200},"18":{"name":"(anonymous_18)","decl":{"start":{"line":219,"column":34},"end":{"line":219,"column":35}},"loc":{"start":{"line":219,"column":41},"end":{"line":219,"column":99}},"line":219},"19":{"name":"(anonymous_19)","decl":{"start":{"line":235,"column":34},"end":{"line":235,"column":35}},"loc":{"start":{"line":235,"column":41},"end":{"line":235,"column":122}},"line":235},"20":{"name":"(anonymous_20)","decl":{"start":{"line":235,"column":107},"end":{"line":235,"column":108}},"loc":{"start":{"line":235,"column":112},"end":{"line":235,"column":120}},"line":235},"21":{"name":"(anonymous_21)","decl":{"start":{"line":244,"column":33},"end":{"line":244,"column":34}},"loc":{"start":{"line":244,"column":39},"end":{"line":244,"column":64}},"line":244},"22":{"name":"(anonymous_22)","decl":{"start":{"line":251,"column":33},"end":{"line":251,"column":34}},"loc":{"start":{"line":251,"column":39},"end":{"line":251,"column":64}},"line":251}},"branchMap":{"0":{"loc":{"start":{"line":9,"column":4},"end":{"line":21,"column":5}},"type":"if","locations":[{"start":{"line":9,"column":4},"end":{"line":21,"column":5}},{"start":{},"end":{}}],"line":9},"1":{"loc":{"start":{"line":26,"column":4},"end":{"line":38,"column":5}},"type":"if","locations":[{"start":{"line":26,"column":4},"end":{"line":38,"column":5}},{"start":{},"end":{}}],"line":26},"2":{"loc":{"start":{"line":47,"column":6},"end":{"line":50,"column":39}},"type":"binary-expr","locations":[{"start":{"line":47,"column":6},"end":{"line":47,"column":42}},{"start":{"line":48,"column":6},"end":{"line":48,"column":46}},{"start":{"line":49,"column":6},"end":{"line":49,"column":49}},{"start":{"line":50,"column":6},"end":{"line":50,"column":39}}],"line":47},"3":{"loc":{"start":{"line":62,"column":4},"end":{"line":62,"column":58}},"type":"if","locations":[{"start":{"line":62,"column":4},"end":{"line":62,"column":58}},{"start":{},"end":{}}],"line":62},"4":{"loc":{"start":{"line":79,"column":4},"end":{"line":84,"column":5}},"type":"if","locations":[{"start":{"line":79,"column":4},"end":{"line":84,"column":5}},{"start":{"line":81,"column":11},"end":{"line":84,"column":5}}],"line":79},"5":{"loc":{"start":{"line":81,"column":11},"end":{"line":84,"column":5}},"type":"if","locations":[{"start":{"line":81,"column":11},"end":{"line":84,"column":5}},{"start":{},"end":{}}],"line":81},"6":{"loc":{"start":{"line":87,"column":24},"end":{"line":87,"column":93}},"type":"binary-expr","locations":[{"start":{"line":87,"column":24},"end":{"line":87,"column":48}},{"start":{"line":87,"column":52},"end":{"line":87,"column":93}}],"line":87},"7":{"loc":{"start":{"line":118,"column":7},"end":{"line":282,"column":7}},"type":"binary-expr","locations":[{"start":{"line":118,"column":7},"end":{"line":118,"column":31}},{"start":{"line":119,"column":8},"end":{"line":281,"column":18}}],"line":118},"8":{"loc":{"start":{"line":122,"column":11},"end":{"line":127,"column":11}},"type":"binary-expr","locations":[{"start":{"line":122,"column":11},"end":{"line":122,"column":25}},{"start":{"line":123,"column":12},"end":{"line":126,"column":20}}],"line":122},"9":{"loc":{"start":{"line":134,"column":18},"end":{"line":134,"column":94}},"type":"cond-expr","locations":[{"start":{"line":134,"column":34},"end":{"line":134,"column":64}},{"start":{"line":134,"column":67},"end":{"line":134,"column":94}}],"line":134},"10":{"loc":{"start":{"line":135,"column":20},"end":{"line":135,"column":78}},"type":"cond-expr","locations":[{"start":{"line":135,"column":49},"end":{"line":135,"column":73}},{"start":{"line":135,"column":76},"end":{"line":135,"column":78}}],"line":135},"11":{"loc":{"start":{"line":143,"column":21},"end":{"line":148,"column":21}},"type":"binary-expr","locations":[{"start":{"line":143,"column":21},"end":{"line":143,"column":34}},{"start":{"line":143,"column":38},"end":{"line":143,"column":64}},{"start":{"line":144,"column":22},"end":{"line":147,"column":26}}],"line":143},"12":{"loc":{"start":{"line":159,"column":57},"end":{"line":159,"column":98}},"type":"cond-expr","locations":[{"start":{"line":159,"column":86},"end":{"line":159,"column":90}},{"start":{"line":159,"column":93},"end":{"line":159,"column":98}}],"line":159},"13":{"loc":{"start":{"line":161,"column":24},"end":{"line":163,"column":64}},"type":"cond-expr","locations":[{"start":{"line":162,"column":28},"end":{"line":162,"column":63}},{"start":{"line":163,"column":28},"end":{"line":163,"column":64}}],"line":161},"14":{"loc":{"start":{"line":167,"column":23},"end":{"line":171,"column":23}},"type":"cond-expr","locations":[{"start":{"line":168,"column":24},"end":{"line":168,"column":49}},{"start":{"line":170,"column":24},"end":{"line":170,"column":52}}],"line":167},"15":{"loc":{"start":{"line":176,"column":17},"end":{"line":258,"column":17}},"type":"binary-expr","locations":[{"start":{"line":176,"column":17},"end":{"line":176,"column":43}},{"start":{"line":177,"column":18},"end":{"line":257,"column":28}}],"line":176},"16":{"loc":{"start":{"line":267,"column":14},"end":{"line":269,"column":51}},"type":"cond-expr","locations":[{"start":{"line":268,"column":18},"end":{"line":268,"column":127}},{"start":{"line":269,"column":18},"end":{"line":269,"column":51}}],"line":267},"17":{"loc":{"start":{"line":272,"column":13},"end":{"line":279,"column":13}},"type":"cond-expr","locations":[{"start":{"line":273,"column":14},"end":{"line":276,"column":21}},{"start":{"line":278,"column":14},"end":{"line":278,"column":54}}],"line":272}},"s":{"0":0,"1":0,"2":0,"3":0,"4":0,"5":0,"6":0,"7":0,"8":0,"9":0,"10":0,"11":0,"12":0,"13":0,"14":0,"15":0,"16":0,"17":0,"18":0,"19":0,"20":0,"21":0,"22":0,"23":0,"24":0,"25":0,"26":0,"27":0,"28":0,"29":0,"30":0,"31":0,"32":0,"33":0,"34":0,"35":0,"36":0,"37":0,"38":0,"39":0,"40":0,"41":0,"42":0,"43":0,"44":0,"45":0,"46":0,"47":0,"48":0,"49":0,"50":0,"51":0},"f":{"0":0,"1":0,"2":0,"3":0,"4":0,"5":0,"6":0,"7":0,"8":0,"9":0,"10":0,"11":0,"12":0,"13":0,"14":0,"15":0,"16":0,"17":0,"18":0,"19":0,"20":0,"21":0,"22":0},"b":{"0":[0,0],"1":[0,0],"2":[0,0,0,0],"3":[0,0],"4":[0,0],"5":[0,0],"6":[0,0],"7":[0,0],"8":[0,0],"9":[0,0],"10":[0,0],"11":[0,0,0],"12":[0,0],"13":[0,0],"14":[0,0],"15":[0,0],"16":[0,0],"17":[0,0]}}
,"C:\\Users\\BillGates\\Documents\\Computer Science\\YOS 3\\COMS3009 (SD)\\Project\\new\\Constitutional-Access-develop\\src\\components\\admin\\FileViewerModal.js": {"path":"C:\\Users\\BillGates\\Documents\\Computer Science\\YOS 3\\COMS3009 (SD)\\Project\\new\\Constitutional-Access-develop\\src\\components\\admin\\FileViewerModal.js","statementMap":{"0":{"start":{"line":4,"column":24},"end":{"line":75,"column":1}},"1":{"start":{"line":6,"column":28},"end":{"line":43,"column":3}},"2":{"start":{"line":7,"column":4},"end":{"line":42,"column":5}},"3":{"start":{"line":8,"column":6},"end":{"line":16,"column":8}},"4":{"start":{"line":17,"column":11},"end":{"line":42,"column":5}},"5":{"start":{"line":18,"column":6},"end":{"line":26,"column":8}},"6":{"start":{"line":28,"column":6},"end":{"line":41,"column":8}},"7":{"start":{"line":45,"column":2},"end":{"line":74,"column":4}}},"fnMap":{"0":{"name":"(anonymous_0)","decl":{"start":{"line":4,"column":24},"end":{"line":4,"column":25}},"loc":{"start":{"line":4,"column":47},"end":{"line":75,"column":1}},"line":4},"1":{"name":"(anonymous_1)","decl":{"start":{"line":6,"column":28},"end":{"line":6,"column":29}},"loc":{"start":{"line":6,"column":34},"end":{"line":43,"column":3}},"line":6}},"branchMap":{"0":{"loc":{"start":{"line":7,"column":4},"end":{"line":42,"column":5}},"type":"if","locations":[{"start":{"line":7,"column":4},"end":{"line":42,"column":5}},{"start":{"line":17,"column":11},"end":{"line":42,"column":5}}],"line":7},"1":{"loc":{"start":{"line":17,"column":11},"end":{"line":42,"column":5}},"type":"if","locations":[{"start":{"line":17,"column":11},"end":{"line":42,"column":5}},{"start":{"line":27,"column":11},"end":{"line":42,"column":5}}],"line":17}},"s":{"0":0,"1":0,"2":0,"3":0,"4":0,"5":0,"6":0,"7":0},"f":{"0":0,"1":0},"b":{"0":[0,0],"1":[0,0]}}
,"C:\\Users\\BillGates\\Documents\\Computer Science\\YOS 3\\COMS3009 (SD)\\Project\\new\\Constitutional-Access-develop\\src\\components\\search\\FeatureCards.js": {"path":"C:\\Users\\BillGates\\Documents\\Computer Science\\YOS 3\\COMS3009 (SD)\\Project\\new\\Constitutional-Access-develop\\src\\components\\search\\FeatureCards.js","statementMap":{"0":{"start":{"line":1,"column":14},"end":{"line":1,"column":30}},"1":{"start":{"line":3,"column":21},"end":{"line":66,"column":1}},"2":{"start":{"line":4,"column":19},"end":{"line":53,"column":3}},"3":{"start":{"line":55,"column":2},"end":{"line":65,"column":4}},"4":{"start":{"line":57,"column":6},"end":{"line":63,"column":7}},"5":{"start":{"line":68,"column":0},"end":{"line":68,"column":30}}},"fnMap":{"0":{"name":"(anonymous_0)","decl":{"start":{"line":3,"column":21},"end":{"line":3,"column":22}},"loc":{"start":{"line":3,"column":27},"end":{"line":66,"column":1}},"line":3},"1":{"name":"(anonymous_1)","decl":{"start":{"line":56,"column":17},"end":{"line":56,"column":18}},"loc":{"start":{"line":57,"column":6},"end":{"line":63,"column":7}},"line":57}},"branchMap":{},"s":{"0":0,"1":0,"2":0,"3":0,"4":0,"5":0},"f":{"0":0,"1":0},"b":{}}
,"C:\\Users\\BillGates\\Documents\\Computer Science\\YOS 3\\COMS3009 (SD)\\Project\\new\\Constitutional-Access-develop\\src\\components\\search\\ResultCard.js": {"path":"C:\\Users\\BillGates\\Documents\\Computer Science\\YOS 3\\COMS3009 (SD)\\Project\\new\\Constitutional-Access-develop\\src\\components\\search\\ResultCard.js","statementMap":{"0":{"start":{"line":1,"column":14},"end":{"line":1,"column":30}},"1":{"start":{"line":2,"column":45},"end":{"line":2,"column":68}},"2":{"start":{"line":4,"column":19},"end":{"line":49,"column":1}},"3":{"start":{"line":5,"column":16},"end":{"line":5,"column":57}},"4":{"start":{"line":6,"column":18},"end":{"line":6,"column":77}},"5":{"start":{"line":7,"column":20},"end":{"line":7,"column":61}},"6":{"start":{"line":8,"column":15},"end":{"line":8,"column":58}},"7":{"start":{"line":9,"column":18},"end":{"line":9,"column":39}},"8":{"start":{"line":11,"column":2},"end":{"line":48,"column":4}},"9":{"start":{"line":51,"column":0},"end":{"line":51,"column":28}}},"fnMap":{"0":{"name":"(anonymous_0)","decl":{"start":{"line":4,"column":19},"end":{"line":4,"column":20}},"loc":{"start":{"line":4,"column":35},"end":{"line":49,"column":1}},"line":4}},"branchMap":{"0":{"loc":{"start":{"line":5,"column":16},"end":{"line":5,"column":57}},"type":"binary-expr","locations":[{"start":{"line":5,"column":16},"end":{"line":5,"column":28}},{"start":{"line":5,"column":32},"end":{"line":5,"column":43}},{"start":{"line":5,"column":47},"end":{"line":5,"column":57}}],"line":5},"1":{"loc":{"start":{"line":6,"column":18},"end":{"line":6,"column":77}},"type":"binary-expr","locations":[{"start":{"line":6,"column":18},"end":{"line":6,"column":32}},{"start":{"line":6,"column":36},"end":{"line":6,"column":50}},{"start":{"line":6,"column":54},"end":{"line":6,"column":77}}],"line":6},"2":{"loc":{"start":{"line":7,"column":20},"end":{"line":7,"column":61}},"type":"binary-expr","locations":[{"start":{"line":7,"column":20},"end":{"line":7,"column":36}},{"start":{"line":7,"column":40},"end":{"line":7,"column":52}},{"start":{"line":7,"column":56},"end":{"line":7,"column":61}}],"line":7},"3":{"loc":{"start":{"line":8,"column":15},"end":{"line":8,"column":58}},"type":"binary-expr","locations":[{"start":{"line":8,"column":15},"end":{"line":8,"column":26}},{"start":{"line":8,"column":30},"end":{"line":8,"column":45}},{"start":{"line":8,"column":49},"end":{"line":8,"column":58}}],"line":8},"4":{"loc":{"start":{"line":9,"column":18},"end":{"line":9,"column":39}},"type":"binary-expr","locations":[{"start":{"line":9,"column":18},"end":{"line":9,"column":32}},{"start":{"line":9,"column":36},"end":{"line":9,"column":39}}],"line":9}},"s":{"0":0,"1":0,"2":0,"3":0,"4":0,"5":0,"6":0,"7":0,"8":0,"9":0},"f":{"0":0},"b":{"0":[0,0,0],"1":[0,0,0],"2":[0,0,0],"3":[0,0,0],"4":[0,0]}}
,"C:\\Users\\BillGates\\Documents\\Computer Science\\YOS 3\\COMS3009 (SD)\\Project\\new\\Constitutional-Access-develop\\src\\components\\search\\SearchHeader.js": {"path":"C:\\Users\\BillGates\\Documents\\Computer Science\\YOS 3\\COMS3009 (SD)\\Project\\new\\Constitutional-Access-develop\\src\\components\\search\\SearchHeader.js","statementMap":{"0":{"start":{"line":1,"column":14},"end":{"line":1,"column":30}},"1":{"start":{"line":2,"column":19},"end":{"line":2,"column":42}},"2":{"start":{"line":4,"column":21},"end":{"line":23,"column":1}},"3":{"start":{"line":5,"column":2},"end":{"line":22,"column":4}},"4":{"start":{"line":11,"column":25},"end":{"line":11,"column":55}},"5":{"start":{"line":25,"column":0},"end":{"line":25,"column":30}}},"fnMap":{"0":{"name":"(anonymous_0)","decl":{"start":{"line":4,"column":21},"end":{"line":4,"column":22}},"loc":{"start":{"line":4,"column":87},"end":{"line":23,"column":1}},"line":4},"1":{"name":"(anonymous_1)","decl":{"start":{"line":11,"column":18},"end":{"line":11,"column":19}},"loc":{"start":{"line":11,"column":25},"end":{"line":11,"column":55}},"line":11}},"branchMap":{},"s":{"0":0,"1":0,"2":0,"3":0,"4":0,"5":0},"f":{"0":0,"1":0},"b":{}}
,"C:\\Users\\BillGates\\Documents\\Computer Science\\YOS 3\\COMS3009 (SD)\\Project\\new\\Constitutional-Access-develop\\src\\components\\search\\SearchResults.js": {"path":"C:\\Users\\BillGates\\Documents\\Computer Science\\YOS 3\\COMS3009 (SD)\\Project\\new\\Constitutional-Access-develop\\src\\components\\search\\SearchResults.js","statementMap":{"0":{"start":{"line":1,"column":14},"end":{"line":1,"column":30}},"1":{"start":{"line":2,"column":19},"end":{"line":2,"column":42}},"2":{"start":{"line":3,"column":19},"end":{"line":3,"column":42}},"3":{"start":{"line":5,"column":22},"end":{"line":36,"column":1}},"4":{"start":{"line":6,"column":2},"end":{"line":35,"column":4}},"5":{"start":{"line":29,"column":12},"end":{"line":32,"column":14}},"6":{"start":{"line":38,"column":0},"end":{"line":38,"column":31}}},"fnMap":{"0":{"name":"(anonymous_0)","decl":{"start":{"line":5,"column":22},"end":{"line":5,"column":23}},"loc":{"start":{"line":5,"column":52},"end":{"line":36,"column":1}},"line":5},"1":{"name":"(anonymous_1)","decl":{"start":{"line":28,"column":22},"end":{"line":28,"column":23}},"loc":{"start":{"line":29,"column":12},"end":{"line":32,"column":14}},"line":29}},"branchMap":{"0":{"loc":{"start":{"line":9,"column":31},"end":{"line":9,"column":48}},"type":"binary-expr","locations":[{"start":{"line":9,"column":31},"end":{"line":9,"column":42}},{"start":{"line":9,"column":46},"end":{"line":9,"column":48}}],"line":9},"1":{"loc":{"start":{"line":25,"column":4},"end":{"line":34,"column":9}},"type":"cond-expr","locations":[{"start":{"line":26,"column":8},"end":{"line":26,"column":97}},{"start":{"line":27,"column":8},"end":{"line":34,"column":9}}],"line":25},"2":{"loc":{"start":{"line":30,"column":19},"end":{"line":30,"column":59}},"type":"binary-expr","locations":[{"start":{"line":30,"column":19},"end":{"line":30,"column":29}},{"start":{"line":30,"column":33},"end":{"line":30,"column":42}},{"start":{"line":30,"column":46},"end":{"line":30,"column":59}}],"line":30}},"s":{"0":0,"1":0,"2":0,"3":0,"4":0,"5":0,"6":0},"f":{"0":0,"1":0},"b":{"0":[0,0],"1":[0,0],"2":[0,0,0]}}
,"C:\\Users\\BillGates\\Documents\\Computer Science\\YOS 3\\COMS3009 (SD)\\Project\\new\\Constitutional-Access-develop\\src\\hooks\\useFileManagement.js": {"path":"C:\\Users\\BillGates\\Documents\\Computer Science\\YOS 3\\COMS3009 (SD)\\Project\\new\\Constitutional-Access-develop\\src\\hooks\\useFileManagement.js","statementMap":{"0":{"start":{"line":2,"column":16},"end":{"line":2,"column":49}},"1":{"start":{"line":4,"column":33},"end":{"line":135,"column":1}},"2":{"start":{"line":6,"column":23},"end":{"line":40,"column":3}},"3":{"start":{"line":42,"column":28},"end":{"line":42,"column":50}},"4":{"start":{"line":43,"column":42},"end":{"line":43,"column":56}},"5":{"start":{"line":45,"column":27},"end":{"line":73,"column":3}},"6":{"start":{"line":46,"column":4},"end":{"line":72,"column":5}},"7":{"start":{"line":47,"column":33},"end":{"line":47,"column":37}},"8":{"start":{"line":49,"column":23},"end":{"line":49,"column":37}},"9":{"start":{"line":50,"column":6},"end":{"line":50,"column":37}},"10":{"start":{"line":51,"column":6},"end":{"line":51,"column":53}},"11":{"start":{"line":52,"column":6},"end":{"line":52,"column":65}},"12":{"start":{"line":53,"column":6},"end":{"line":53,"column":67}},"13":{"start":{"line":54,"column":6},"end":{"line":54,"column":63}},"14":{"start":{"line":56,"column":24},"end":{"line":56,"column":93}},"15":{"start":{"line":59,"column":6},"end":{"line":71,"column":7}},"16":{"start":{"line":60,"column":26},"end":{"line":63,"column":10}},"17":{"start":{"line":65,"column":27},"end":{"line":65,"column":49}},"18":{"start":{"line":66,"column":29},"end":{"line":66,"column":48}},"19":{"start":{"line":68,"column":8},"end":{"line":68,"column":74}},"20":{"start":{"line":70,"column":8},"end":{"line":70,"column":46}},"21":{"start":{"line":76,"column":31},"end":{"line":106,"column":3}},"22":{"start":{"line":77,"column":28},"end":{"line":84,"column":5}},"23":{"start":{"line":86,"column":4},"end":{"line":86,"column":54}},"24":{"start":{"line":88,"column":4},"end":{"line":104,"column":5}},"25":{"start":{"line":89,"column":26},"end":{"line":93,"column":8}},"26":{"start":{"line":95,"column":6},"end":{"line":97,"column":7}},"27":{"start":{"line":96,"column":8},"end":{"line":96,"column":50}},"28":{"start":{"line":99,"column":27},"end":{"line":99,"column":51}},"29":{"start":{"line":100,"column":6},"end":{"line":100,"column":61}},"30":{"start":{"line":103,"column":6},"end":{"line":103,"column":53}},"31":{"start":{"line":108,"column":25},"end":{"line":113,"column":3}},"32":{"start":{"line":109,"column":23},"end":{"line":109,"column":57}},"33":{"start":{"line":109,"column":42},"end":{"line":109,"column":56}},"34":{"start":{"line":110,"column":4},"end":{"line":112,"column":5}},"35":{"start":{"line":111,"column":6},"end":{"line":111,"column":34}},"36":{"start":{"line":115,"column":27},"end":{"line":117,"column":3}},"37":{"start":{"line":116,"column":4},"end":{"line":116,"column":51}},"38":{"start":{"line":116,"column":34},"end":{"line":116,"column":48}},"39":{"start":{"line":119,"column":31},"end":{"line":124,"column":3}},"40":{"start":{"line":120,"column":4},"end":{"line":122,"column":7}},"41":{"start":{"line":121,"column":6},"end":{"line":121,"column":54}},"42":{"start":{"line":123,"column":4},"end":{"line":123,"column":26}},"43":{"start":{"line":126,"column":2},"end":{"line":134,"column":4}}},"fnMap":{"0":{"name":"(anonymous_0)","decl":{"start":{"line":4,"column":33},"end":{"line":4,"column":34}},"loc":{"start":{"line":4,"column":39},"end":{"line":135,"column":1}},"line":4},"1":{"name":"(anonymous_1)","decl":{"start":{"line":45,"column":27},"end":{"line":45,"column":28}},"loc":{"start":{"line":45,"column":50},"end":{"line":73,"column":3}},"line":45},"2":{"name":"(anonymous_2)","decl":{"start":{"line":76,"column":31},"end":{"line":76,"column":32}},"loc":{"start":{"line":76,"column":66},"end":{"line":106,"column":3}},"line":76},"3":{"name":"(anonymous_3)","decl":{"start":{"line":108,"column":25},"end":{"line":108,"column":26}},"loc":{"start":{"line":108,"column":33},"end":{"line":113,"column":3}},"line":108},"4":{"name":"(anonymous_4)","decl":{"start":{"line":109,"column":34},"end":{"line":109,"column":35}},"loc":{"start":{"line":109,"column":42},"end":{"line":109,"column":56}},"line":109},"5":{"name":"(anonymous_5)","decl":{"start":{"line":115,"column":27},"end":{"line":115,"column":28}},"loc":{"start":{"line":115,"column":35},"end":{"line":117,"column":3}},"line":115},"6":{"name":"(anonymous_6)","decl":{"start":{"line":116,"column":26},"end":{"line":116,"column":27}},"loc":{"start":{"line":116,"column":34},"end":{"line":116,"column":48}},"line":116},"7":{"name":"(anonymous_7)","decl":{"start":{"line":119,"column":31},"end":{"line":119,"column":32}},"loc":{"start":{"line":119,"column":49},"end":{"line":124,"column":3}},"line":119},"8":{"name":"(anonymous_8)","decl":{"start":{"line":120,"column":23},"end":{"line":120,"column":24}},"loc":{"start":{"line":121,"column":6},"end":{"line":121,"column":54}},"line":121}},"branchMap":{"0":{"loc":{"start":{"line":52,"column":37},"end":{"line":52,"column":63}},"type":"binary-expr","locations":[{"start":{"line":52,"column":37},"end":{"line":52,"column":57}},{"start":{"line":52,"column":61},"end":{"line":52,"column":63}}],"line":52},"1":{"loc":{"start":{"line":53,"column":45},"end":{"line":53,"column":64}},"type":"binary-expr","locations":[{"start":{"line":53,"column":45},"end":{"line":53,"column":58}},{"start":{"line":53,"column":62},"end":{"line":53,"column":64}}],"line":53},"2":{"loc":{"start":{"line":54,"column":36},"end":{"line":54,"column":61}},"type":"binary-expr","locations":[{"start":{"line":54,"column":36},"end":{"line":54,"column":55}},{"start":{"line":54,"column":59},"end":{"line":54,"column":61}}],"line":54},"3":{"loc":{"start":{"line":95,"column":6},"end":{"line":97,"column":7}},"type":"if","locations":[{"start":{"line":95,"column":6},"end":{"line":97,"column":7}},{"start":{},"end":{}}],"line":95},"4":{"loc":{"start":{"line":110,"column":4},"end":{"line":112,"column":5}},"type":"if","locations":[{"start":{"line":110,"column":4},"end":{"line":112,"column":5}},{"start":{},"end":{}}],"line":110},"5":{"loc":{"start":{"line":121,"column":6},"end":{"line":121,"column":54}},"type":"cond-expr","locations":[{"start":{"line":121,"column":23},"end":{"line":121,"column":47}},{"start":{"line":121,"column":50},"end":{"line":121,"column":54}}],"line":121}},"s":{"0":0,"1":0,"2":0,"3":0,"4":0,"5":0,"6":0,"7":0,"8":0,"9":0,"10":0,"11":0,"12":0,"13":0,"14":0,"15":0,"16":0,"17":0,"18":0,"19":0,"20":0,"21":0,"22":0,"23":0,"24":0,"25":0,"26":0,"27":0,"28":0,"29":0,"30":0,"31":0,"32":0,"33":0,"34":0,"35":0,"36":0,"37":0,"38":0,"39":0,"40":0,"41":0,"42":0,"43":0},"f":{"0":0,"1":0,"2":0,"3":0,"4":0,"5":0,"6":0,"7":0,"8":0},"b":{"0":[0,0],"1":[0,0],"2":[0,0],"3":[0,0],"4":[0,0],"5":[0,0]}}
,"C:\\Users\\BillGates\\Documents\\Computer Science\\YOS 3\\COMS3009 (SD)\\Project\\new\\Constitutional-Access-develop\\src\\pages\\APIDocumentation.js": {"path":"C:\\Users\\BillGates\\Documents\\Computer Science\\YOS 3\\COMS3009 (SD)\\Project\\new\\Constitutional-Access-develop\\src\\pages\\APIDocumentation.js","statementMap":{"0":{"start":{"line":4,"column":25},"end":{"line":133,"column":1}},"1":{"start":{"line":5,"column":2},"end":{"line":132,"column":4}}},"fnMap":{"0":{"name":"(anonymous_0)","decl":{"start":{"line":4,"column":25},"end":{"line":4,"column":26}},"loc":{"start":{"line":4,"column":31},"end":{"line":133,"column":1}},"line":4}},"branchMap":{},"s":{"0":0,"1":0},"f":{"0":0},"b":{}}
,"C:\\Users\\BillGates\\Documents\\Computer Science\\YOS 3\\COMS3009 (SD)\\Project\\new\\Constitutional-Access-develop\\src\\pages\\AdminPage.js": {"path":"C:\\Users\\BillGates\\Documents\\Computer Science\\YOS 3\\COMS3009 (SD)\\Project\\new\\Constitutional-Access-develop\\src\\pages\\AdminPage.js","statementMap":{"0":{"start":{"line":9,"column":18},"end":{"line":61,"column":1}},"1":{"start":{"line":10,"column":19},"end":{"line":10,"column":32}},"2":{"start":{"line":19,"column":6},"end":{"line":19,"column":25}},"3":{"start":{"line":21,"column":24},"end":{"line":25,"column":3}},"4":{"start":{"line":23,"column":4},"end":{"line":23,"column":34}},"5":{"start":{"line":24,"column":4},"end":{"line":24,"column":18}},"6":{"start":{"line":27,"column":2},"end":{"line":60,"column":4}},"7":{"start":{"line":54,"column":27},"end":{"line":54,"column":48}}},"fnMap":{"0":{"name":"(anonymous_0)","decl":{"start":{"line":9,"column":18},"end":{"line":9,"column":19}},"loc":{"start":{"line":9,"column":24},"end":{"line":61,"column":1}},"line":9},"1":{"name":"(anonymous_1)","decl":{"start":{"line":21,"column":24},"end":{"line":21,"column":25}},"loc":{"start":{"line":21,"column":30},"end":{"line":25,"column":3}},"line":21},"2":{"name":"(anonymous_2)","decl":{"start":{"line":54,"column":21},"end":{"line":54,"column":22}},"loc":{"start":{"line":54,"column":27},"end":{"line":54,"column":48}},"line":54}},"branchMap":{"0":{"loc":{"start":{"line":51,"column":9},"end":{"line":57,"column":9}},"type":"binary-expr","locations":[{"start":{"line":51,"column":9},"end":{"line":51,"column":21}},{"start":{"line":52,"column":10},"end":{"line":56,"column":12}}],"line":51}},"s":{"0":0,"1":0,"2":0,"3":0,"4":0,"5":0,"6":0,"7":0},"f":{"0":0,"1":0,"2":0},"b":{"0":[0,0]}}
,"C:\\Users\\BillGates\\Documents\\Computer Science\\YOS 3\\COMS3009 (SD)\\Project\\new\\Constitutional-Access-develop\\src\\pages\\HomePage.js": {"path":"C:\\Users\\BillGates\\Documents\\Computer Science\\YOS 3\\COMS3009 (SD)\\Project\\new\\Constitutional-Access-develop\\src\\pages\\HomePage.js","statementMap":{"0":{"start":{"line":6,"column":20},"end":{"line":43,"column":1}},"1":{"start":{"line":7,"column":2},"end":{"line":42,"column":19}},"2":{"start":{"line":45,"column":17},"end":{"line":107,"column":1}},"3":{"start":{"line":46,"column":49},"end":{"line":46,"column":59}},"4":{"start":{"line":48,"column":2},"end":{"line":106,"column":4}}},"fnMap":{"0":{"name":"(anonymous_0)","decl":{"start":{"line":6,"column":20},"end":{"line":6,"column":21}},"loc":{"start":{"line":7,"column":2},"end":{"line":42,"column":19}},"line":7},"1":{"name":"(anonymous_1)","decl":{"start":{"line":45,"column":17},"end":{"line":45,"column":18}},"loc":{"start":{"line":45,"column":23},"end":{"line":107,"column":1}},"line":45}},"branchMap":{"0":{"loc":{"start":{"line":25,"column":5},"end":{"line":41,"column":5}},"type":"binary-expr","locations":[{"start":{"line":25,"column":5},"end":{"line":25,"column":13}},{"start":{"line":26,"column":6},"end":{"line":40,"column":7}}],"line":25},"1":{"loc":{"start":{"line":26,"column":6},"end":{"line":40,"column":7}},"type":"cond-expr","locations":[{"start":{"line":27,"column":8},"end":{"line":32,"column":17}},{"start":{"line":34,"column":8},"end":{"line":39,"column":15}}],"line":26},"2":{"loc":{"start":{"line":100,"column":18},"end":{"line":100,"column":49}},"type":"cond-expr","locations":[{"start":{"line":100,"column":36},"end":{"line":100,"column":44}},{"start":{"line":100,"column":47},"end":{"line":100,"column":49}}],"line":100},"3":{"loc":{"start":{"line":101,"column":20},"end":{"line":101,"column":90}},"type":"cond-expr","locations":[{"start":{"line":101,"column":38},"end":{"line":101,"column":57}},{"start":{"line":101,"column":60},"end":{"line":101,"column":90}}],"line":101},"4":{"loc":{"start":{"line":102,"column":19},"end":{"line":102,"column":62}},"type":"cond-expr","locations":[{"start":{"line":102,"column":38},"end":{"line":102,"column":55}},{"start":{"line":102,"column":58},"end":{"line":102,"column":62}}],"line":102}},"s":{"0":0,"1":0,"2":0,"3":0,"4":0},"f":{"0":0,"1":0},"b":{"0":[0,0],"1":[0,0],"2":[0,0],"3":[0,0],"4":[0,0]}}
,"C:\\Users\\BillGates\\Documents\\Computer Science\\YOS 3\\COMS3009 (SD)\\Project\\new\\Constitutional-Access-develop\\src\\pages\\SearchPage.js": {"path":"C:\\Users\\BillGates\\Documents\\Computer Science\\YOS 3\\COMS3009 (SD)\\Project\\new\\Constitutional-Access-develop\\src\\pages\\SearchPage.js","statementMap":{"0":{"start":{"line":5,"column":19},"end":{"line":65,"column":1}},"1":{"start":{"line":6,"column":40},"end":{"line":6,"column":52}},"2":{"start":{"line":7,"column":42},"end":{"line":7,"column":54}},"3":{"start":{"line":8,"column":40},"end":{"line":8,"column":55}},"4":{"start":{"line":9,"column":32},"end":{"line":9,"column":44}},"5":{"start":{"line":10,"column":32},"end":{"line":10,"column":47}},"6":{"start":{"line":11,"column":28},"end":{"line":11,"column":42}},"7":{"start":{"line":13,"column":23},"end":{"line":37,"column":3}},"8":{"start":{"line":14,"column":4},"end":{"line":14,"column":65}},"9":{"start":{"line":14,"column":58},"end":{"line":14,"column":65}},"10":{"start":{"line":16,"column":4},"end":{"line":16,"column":21}},"11":{"start":{"line":17,"column":4},"end":{"line":17,"column":25}},"12":{"start":{"line":18,"column":4},"end":{"line":18,"column":19}},"13":{"start":{"line":20,"column":4},"end":{"line":36,"column":5}},"14":{"start":{"line":21,"column":20},"end":{"line":21,"column":41}},"15":{"start":{"line":22,"column":6},"end":{"line":22,"column":68}},"16":{"start":{"line":22,"column":30},"end":{"line":22,"column":68}},"17":{"start":{"line":23,"column":6},"end":{"line":23,"column":80}},"18":{"start":{"line":23,"column":35},"end":{"line":23,"column":80}},"19":{"start":{"line":25,"column":23},"end":{"line":25,"column":112}},"20":{"start":{"line":26,"column":6},"end":{"line":26,"column":57}},"21":{"start":{"line":26,"column":24},"end":{"line":26,"column":57}},"22":{"start":{"line":27,"column":19},"end":{"line":27,"column":40}},"23":{"start":{"line":28,"column":6},"end":{"line":28,"column":23}},"24":{"start":{"line":30,"column":6},"end":{"line":30,"column":43}},"25":{"start":{"line":31,"column":6},"end":{"line":31,"column":56}},"26":{"start":{"line":32,"column":6},"end":{"line":32,"column":21}},"27":{"start":{"line":34,"column":6},"end":{"line":34,"column":24}},"28":{"start":{"line":39,"column":24},"end":{"line":43,"column":3}},"29":{"start":{"line":40,"column":4},"end":{"line":42,"column":5}},"30":{"start":{"line":41,"column":6},"end":{"line":41,"column":21}},"31":{"start":{"line":45,"column":2},"end":{"line":64,"column":4}}},"fnMap":{"0":{"name":"(anonymous_0)","decl":{"start":{"line":5,"column":19},"end":{"line":5,"column":20}},"loc":{"start":{"line":5,"column":25},"end":{"line":65,"column":1}},"line":5},"1":{"name":"(anonymous_1)","decl":{"start":{"line":13,"column":23},"end":{"line":13,"column":24}},"loc":{"start":{"line":13,"column":35},"end":{"line":37,"column":3}},"line":13},"2":{"name":"(anonymous_2)","decl":{"start":{"line":39,"column":24},"end":{"line":39,"column":25}},"loc":{"start":{"line":39,"column":31},"end":{"line":43,"column":3}},"line":39}},"branchMap":{"0":{"loc":{"start":{"line":14,"column":4},"end":{"line":14,"column":65}},"type":"if","locations":[{"start":{"line":14,"column":4},"end":{"line":14,"column":65}},{"start":{},"end":{}}],"line":14},"1":{"loc":{"start":{"line":14,"column":8},"end":{"line":14,"column":56}},"type":"binary-expr","locations":[{"start":{"line":14,"column":8},"end":{"line":14,"column":27}},{"start":{"line":14,"column":31},"end":{"line":14,"column":56}}],"line":14},"2":{"loc":{"start":{"line":22,"column":6},"end":{"line":22,"column":68}},"type":"if","locations":[{"start":{"line":22,"column":6},"end":{"line":22,"column":68}},{"start":{},"end":{}}],"line":22},"3":{"loc":{"start":{"line":23,"column":6},"end":{"line":23,"column":80}},"type":"if","locations":[{"start":{"line":23,"column":6},"end":{"line":23,"column":80}},{"start":{},"end":{}}],"line":23},"4":{"loc":{"start":{"line":26,"column":6},"end":{"line":26,"column":57}},"type":"if","locations":[{"start":{"line":26,"column":6},"end":{"line":26,"column":57}},{"start":{},"end":{}}],"line":26},"5":{"loc":{"start":{"line":40,"column":4},"end":{"line":42,"column":5}},"type":"if","locations":[{"start":{"line":40,"column":4},"end":{"line":42,"column":5}},{"start":{},"end":{}}],"line":40},"6":{"loc":{"start":{"line":56,"column":7},"end":{"line":56,"column":80}},"type":"binary-expr","locations":[{"start":{"line":56,"column":7},"end":{"line":56,"column":14}},{"start":{"line":56,"column":18},"end":{"line":56,"column":80}}],"line":56},"7":{"loc":{"start":{"line":57,"column":7},"end":{"line":57,"column":72}},"type":"binary-expr","locations":[{"start":{"line":57,"column":7},"end":{"line":57,"column":12}},{"start":{"line":57,"column":16},"end":{"line":57,"column":72}}],"line":57},"8":{"loc":{"start":{"line":59,"column":7},"end":{"line":62,"column":7}},"type":"binary-expr","locations":[{"start":{"line":59,"column":7},"end":{"line":59,"column":18}},{"start":{"line":59,"column":22},"end":{"line":59,"column":30}},{"start":{"line":59,"column":34},"end":{"line":59,"column":40}},{"start":{"line":60,"column":8},"end":{"line":60,"column":69}}],"line":59}},"s":{"0":0,"1":0,"2":0,"3":0,"4":0,"5":0,"6":0,"7":0,"8":0,"9":0,"10":0,"11":0,"12":0,"13":0,"14":0,"15":0,"16":0,"17":0,"18":0,"19":0,"20":0,"21":0,"22":0,"23":0,"24":0,"25":0,"26":0,"27":0,"28":0,"29":0,"30":0,"31":0},"f":{"0":0,"1":0,"2":0},"b":{"0":[0,0],"1":[0,0],"2":[0,0],"3":[0,0],"4":[0,0],"5":[0,0],"6":[0,0],"7":[0,0],"8":[0,0,0,0]}}
,"C:\\Users\\BillGates\\Documents\\Computer Science\\YOS 3\\COMS3009 (SD)\\Project\\new\\Constitutional-Access-develop\\src\\pages\\SuperAdminPage.js": {"path":"C:\\Users\\BillGates\\Documents\\Computer Science\\YOS 3\\COMS3009 (SD)\\Project\\new\\Constitutional-Access-develop\\src\\pages\\SuperAdminPage.js","statementMap":{"0":{"start":{"line":5,"column":23},"end":{"line":169,"column":1}},"1":{"start":{"line":6,"column":19},"end":{"line":6,"column":32}},"2":{"start":{"line":9,"column":30},"end":{"line":12,"column":4}},"3":{"start":{"line":15,"column":48},"end":{"line":30,"column":4}},"4":{"start":{"line":32,"column":24},"end":{"line":46,"column":3}},"5":{"start":{"line":33,"column":20},"end":{"line":33,"column":69}},"6":{"start":{"line":33,"column":48},"end":{"line":33,"column":68}},"7":{"start":{"line":34,"column":4},"end":{"line":34,"column":25}},"8":{"start":{"line":34,"column":18},"end":{"line":34,"column":25}},"9":{"start":{"line":37,"column":21},"end":{"line":42,"column":5}},"10":{"start":{"line":44,"column":4},"end":{"line":44,"column":37}},"11":{"start":{"line":45,"column":4},"end":{"line":45,"column":76}},"12":{"start":{"line":45,"column":53},"end":{"line":45,"column":73}},"13":{"start":{"line":48,"column":23},"end":{"line":50,"column":3}},"14":{"start":{"line":49,"column":4},"end":{"line":49,"column":76}},"15":{"start":{"line":49,"column":53},"end":{"line":49,"column":73}},"16":{"start":{"line":52,"column":2},"end":{"line":168,"column":4}},"17":{"start":{"line":58,"column":29},"end":{"line":58,"column":47}},"18":{"start":{"line":93,"column":20},"end":{"line":122,"column":25}},"19":{"start":{"line":102,"column":45},"end":{"line":102,"column":70}},"20":{"start":{"line":112,"column":45},"end":{"line":112,"column":69}},"21":{"start":{"line":155,"column":18},"end":{"line":160,"column":23}}},"fnMap":{"0":{"name":"(anonymous_0)","decl":{"start":{"line":5,"column":23},"end":{"line":5,"column":24}},"loc":{"start":{"line":5,"column":29},"end":{"line":169,"column":1}},"line":5},"1":{"name":"(anonymous_1)","decl":{"start":{"line":32,"column":24},"end":{"line":32,"column":25}},"loc":{"start":{"line":32,"column":39},"end":{"line":46,"column":3}},"line":32},"2":{"name":"(anonymous_2)","decl":{"start":{"line":33,"column":41},"end":{"line":33,"column":42}},"loc":{"start":{"line":33,"column":48},"end":{"line":33,"column":68}},"line":33},"3":{"name":"(anonymous_3)","decl":{"start":{"line":45,"column":46},"end":{"line":45,"column":47}},"loc":{"start":{"line":45,"column":53},"end":{"line":45,"column":73}},"line":45},"4":{"name":"(anonymous_4)","decl":{"start":{"line":48,"column":23},"end":{"line":48,"column":24}},"loc":{"start":{"line":48,"column":38},"end":{"line":50,"column":3}},"line":48},"5":{"name":"(anonymous_5)","decl":{"start":{"line":49,"column":46},"end":{"line":49,"column":47}},"loc":{"start":{"line":49,"column":53},"end":{"line":49,"column":73}},"line":49},"6":{"name":"(anonymous_6)","decl":{"start":{"line":58,"column":23},"end":{"line":58,"column":24}},"loc":{"start":{"line":58,"column":29},"end":{"line":58,"column":47}},"line":58},"7":{"name":"(anonymous_7)","decl":{"start":{"line":92,"column":39},"end":{"line":92,"column":40}},"loc":{"start":{"line":93,"column":20},"end":{"line":122,"column":25}},"line":93},"8":{"name":"(anonymous_8)","decl":{"start":{"line":102,"column":39},"end":{"line":102,"column":40}},"loc":{"start":{"line":102,"column":45},"end":{"line":102,"column":70}},"line":102},"9":{"name":"(anonymous_9)","decl":{"start":{"line":112,"column":39},"end":{"line":112,"column":40}},"loc":{"start":{"line":112,"column":45},"end":{"line":112,"column":69}},"line":112},"10":{"name":"(anonymous_10)","decl":{"start":{"line":154,"column":28},"end":{"line":154,"column":29}},"loc":{"start":{"line":155,"column":18},"end":{"line":160,"column":23}},"line":155}},"branchMap":{"0":{"loc":{"start":{"line":34,"column":4},"end":{"line":34,"column":25}},"type":"if","locations":[{"start":{"line":34,"column":4},"end":{"line":34,"column":25}},{"start":{},"end":{}}],"line":34},"1":{"loc":{"start":{"line":79,"column":11},"end":{"line":134,"column":11}},"type":"cond-expr","locations":[{"start":{"line":81,"column":12},"end":{"line":126,"column":21}},{"start":{"line":128,"column":12},"end":{"line":133,"column":20}}],"line":79}},"s":{"0":0,"1":0,"2":0,"3":0,"4":0,"5":0,"6":0,"7":0,"8":0,"9":0,"10":0,"11":0,"12":0,"13":0,"14":0,"15":0,"16":0,"17":0,"18":0,"19":0,"20":0,"21":0},"f":{"0":0,"1":0,"2":0,"3":0,"4":0,"5":0,"6":0,"7":0,"8":0,"9":0,"10":0},"b":{"0":[0,0],"1":[0,0]}}
}
